<?xml version="1.0" encoding="UTF-8"?>
<!-- Generated by org.testng.reporters.JUnitXMLReporter -->
<testsuite ignored="1" hostname="shah4corp" failures="0" tests="2" name="Default test" time="0.141" errors="0" timestamp="2022-11-19T17:34:42 IST">
  <testcase classname="testngPractice.TestNG_Priority19112022" name="testMethod3" time="0.033"/>
  <testcase classname="testngPractice.TestNG_Priority19112022" name="testMethod2" time="0.009"/>
  <testcase classname="testngPractice.TestNG_Priority19112022" name="testMethod1" time="0.0">
    <ignored/>
  </testcase> <!-- testMethod1 -->
</testsuite> <!-- Default test -->
