<?xml version="1.0" encoding="UTF-8"?>
<!-- Generated by org.testng.reporters.JUnitXMLReporter -->
<testsuite ignored="0" hostname="shah4corp" failures="0" tests="3" name="Default test" time="0.135" errors="0" timestamp="2022-12-24T07:42:54 IST">
  <testcase classname="testngPractice.TestNG_SoftAsserts" name="testArrays" time="0.026"/>
  <testcase classname="testngPractice.TestNG_SoftAsserts" name="testStrings" time="0.003"/>
  <testcase classname="testngPractice.TestNG_SoftAsserts" name="testSum" time="0.015"/>
</testsuite> <!-- Default test -->
