<?xml version="1.0" encoding="UTF-8"?>
<testng-results ignored="0" total="1" passed="1" failed="0" skipped="0">
  <reporter-output>
  </reporter-output>
  <suite started-at="2022-10-01T14:08:57 IST" name="Default suite" finished-at="2022-10-01T14:08:57 IST" duration-ms="98">
    <groups>
    </groups>
    <test started-at="2022-10-01T14:08:57 IST" name="Default test" finished-at="2022-10-01T14:08:57 IST" duration-ms="98">
      <class name="seleniumPractice.WelcomeMessage">
        <test-method signature="welcomemessageMethod()[pri:0, instance:seleniumPractice.WelcomeMessage@72d1ad2e]" started-at="2022-10-01T14:08:57 IST" name="welcomemessageMethod" finished-at="2022-10-01T14:08:57 IST" duration-ms="19" status="PASS">
          <reporter-output>
          </reporter-output>
        </test-method> <!-- welcomemessageMethod -->
      </class> <!-- seleniumPractice.WelcomeMessage -->
    </test> <!-- Default test -->
  </suite> <!-- Default suite -->
</testng-results>
