<?xml version="1.0" encoding="UTF-8"?>
<testng-results ignored="0" total="2" passed="2" failed="0" skipped="0">
  <reporter-output>
  </reporter-output>
  <suite started-at="2022-11-10T19:39:00 IST" name="Default suite" finished-at="2022-11-10T19:39:00 IST" duration-ms="132">
    <groups>
    </groups>
    <test started-at="2022-11-10T19:39:00 IST" name="Default test" finished-at="2022-11-10T19:39:00 IST" duration-ms="132">
      <class name="testngPractice.TestNG_TestClass1">
        <test-method is-config="true" signature="setUp()[pri:0, instance:testngPractice.TestNG_TestClass1@55b699ef]" started-at="2022-11-10T19:39:00 IST" name="setUp" finished-at="2022-11-10T19:39:00 IST" duration-ms="21" status="PASS">
          <reporter-output>
          </reporter-output>
        </test-method> <!-- setUp -->
        <test-method is-config="true" signature="beforeMethod()[pri:0, instance:testngPractice.TestNG_TestClass1@55b699ef]" started-at="2022-11-10T19:39:00 IST" name="beforeMethod" finished-at="2022-11-10T19:39:00 IST" duration-ms="1" status="PASS">
          <reporter-output>
          </reporter-output>
        </test-method> <!-- beforeMethod -->
        <test-method signature="testMethod1()[pri:0, instance:testngPractice.TestNG_TestClass1@55b699ef]" started-at="2022-11-10T19:39:00 IST" name="testMethod1" finished-at="2022-11-10T19:39:00 IST" duration-ms="17" status="PASS">
          <reporter-output>
          </reporter-output>
        </test-method> <!-- testMethod1 -->
        <test-method is-config="true" signature="afterMethod()[pri:0, instance:testngPractice.TestNG_TestClass1@55b699ef]" started-at="2022-11-10T19:39:00 IST" name="afterMethod" finished-at="2022-11-10T19:39:00 IST" duration-ms="1" status="PASS">
          <reporter-output>
          </reporter-output>
        </test-method> <!-- afterMethod -->
        <test-method is-config="true" signature="beforeMethod()[pri:0, instance:testngPractice.TestNG_TestClass1@55b699ef]" started-at="2022-11-10T19:39:00 IST" name="beforeMethod" finished-at="2022-11-10T19:39:00 IST" duration-ms="1" status="PASS">
          <reporter-output>
          </reporter-output>
        </test-method> <!-- beforeMethod -->
        <test-method signature="testMethod2()[pri:0, instance:testngPractice.TestNG_TestClass1@55b699ef]" started-at="2022-11-10T19:39:00 IST" name="testMethod2" finished-at="2022-11-10T19:39:00 IST" duration-ms="3" status="PASS">
          <reporter-output>
          </reporter-output>
        </test-method> <!-- testMethod2 -->
        <test-method is-config="true" signature="afterMethod()[pri:0, instance:testngPractice.TestNG_TestClass1@55b699ef]" started-at="2022-11-10T19:39:00 IST" name="afterMethod" finished-at="2022-11-10T19:39:00 IST" duration-ms="1" status="PASS">
          <reporter-output>
          </reporter-output>
        </test-method> <!-- afterMethod -->
        <test-method is-config="true" signature="cleanUp()[pri:0, instance:testngPractice.TestNG_TestClass1@55b699ef]" started-at="2022-11-10T19:39:00 IST" name="cleanUp" finished-at="2022-11-10T19:39:00 IST" duration-ms="1" status="PASS">
          <reporter-output>
          </reporter-output>
        </test-method> <!-- cleanUp -->
      </class> <!-- testngPractice.TestNG_TestClass1 -->
    </test> <!-- Default test -->
  </suite> <!-- Default suite -->
</testng-results>
