<?xml version="1.0" encoding="UTF-8"?>
<!-- Generated by org.testng.reporters.JUnitXMLReporter -->
<testsuite ignored="0" hostname="shah4corp" failures="0" tests="4" name="Application Test" time="0.182" errors="0" timestamp="2022-11-10T19:38:27 IST">
  <testcase classname="testngPractice.TestNG_TestClass1" name="testMethod1" time="0.013"/>
  <testcase classname="testngPractice.TestNG_TestClass1" name="testMethod2" time="0.006"/>
  <testcase classname="testngPractice.TestNG_TestClass2" name="testMethod1" time="0.006"/>
  <testcase classname="testngPractice.TestNG_TestClass2" name="testMethod2" time="0.008"/>
</testsuite> <!-- Application Test -->
